t=2025-08-13T20:01:22-0400 lvl=info msg="no configuration paths supplied"
t=2025-08-13T20:01:22-0400 lvl=info msg="ignoring default config path, could not stat it" path=/home/jwjwi/.config/ngrok/ngrok.yml
t=2025-08-13T20:01:22-0400 lvl=info msg="starting web service" obj=web addr=127.0.0.1:4040 allow_hosts=[]
t=2025-08-13T20:01:27-0400 lvl=info msg=start pg=/api/tunnels id=a5862a916f08d641
t=2025-08-13T20:01:27-0400 lvl=info msg=end pg=/api/tunnels id=a5862a916f08d641 status=200 dur=414.241µs
t=2025-08-13T20:01:33-0400 lvl=eror msg="failed to reconnect session" obj=tunnels.session err="failed to send authentication request: failed to fetch CRL. errors encountered: timed out fetching CRL"
t=2025-08-13T20:01:33-0400 lvl=info msg=start pg=/api/tunnels id=860672f4dd123957
t=2025-08-13T20:01:33-0400 lvl=info msg=end pg=/api/tunnels id=860672f4dd123957 status=200 dur=161.608µs
t=2025-08-13T20:01:43-0400 lvl=eror msg="failed to reconnect session" obj=tunnels.session err="failed to send authentication request: failed to fetch CRL. errors encountered: timed out fetching CRL"
t=2025-08-13T20:01:55-0400 lvl=eror msg="failed to reconnect session" obj=tunnels.session err="failed to send authentication request: failed to fetch CRL. errors encountered: timed out fetching CRL"
t=2025-08-13T20:01:57-0400 lvl=eror msg="failed to reconnect session" obj=tunnels.session err="authentication failed: Usage of ngrok requires a verified account and authtoken.\n\nSign up for an account: https://dashboard.ngrok.com/signup\nInstall your authtoken: https://dashboard.ngrok.com/get-started/your-authtoken\r\n\r\nERR_NGROK_4018\r\n"
t=2025-08-13T20:01:57-0400 lvl=eror msg="session closing" obj=tunnels.session err="authentication failed: Usage of ngrok requires a verified account and authtoken.\n\nSign up for an account: https://dashboard.ngrok.com/signup\nInstall your authtoken: https://dashboard.ngrok.com/get-started/your-authtoken\r\n\r\nERR_NGROK_4018\r\n"
t=2025-08-13T20:01:57-0400 lvl=info msg="received stop request" obj=app stopReq="{err:{Remote:true Inner:{Inner:0xc0003e83d0}} restart:false}"
t=2025-08-13T20:01:57-0400 lvl=eror msg="terminating with error" obj=app err="authentication failed: Usage of ngrok requires a verified account and authtoken.\n\nSign up for an account: https://dashboard.ngrok.com/signup\nInstall your authtoken: https://dashboard.ngrok.com/get-started/your-authtoken\r\n\r\nERR_NGROK_4018\r\n"
t=2025-08-13T20:01:57-0400 lvl=crit msg="command failed" err="authentication failed: Usage of ngrok requires a verified account and authtoken.\n\nSign up for an account: https://dashboard.ngrok.com/signup\nInstall your authtoken: https://dashboard.ngrok.com/get-started/your-authtoken\r\n\r\nERR_NGROK_4018\r\n"
ERROR:  authentication failed: Usage of ngrok requires a verified account and authtoken.
ERROR:  
ERROR:  Sign up for an account: https://dashboard.ngrok.com/signup
ERROR:  Install your authtoken: https://dashboard.ngrok.com/get-started/your-authtoken
ERROR:  
ERROR:  ERR_NGROK_4018
ERROR:  https://ngrok.com/docs/errors/err_ngrok_4018
ERROR:  
t=2025-08-13T20:01:57-0400 lvl=info msg="no more state changes" obj=tunnels.session
